--------------------- processing containers --------------------- 
retrieving warehouse coordinates...
retrieving warehouse coordinates...DONE
processing tour ID: "B_5"...
processing tour ID: "B_5"...DONE
processing tour ID: "H1_0"...
processing tour ID: "H1_0"...DONE
processing tour ID: "H2_1"...
processing tour ID: "H2_1"...DONE
processing tour ID: "H3_2"...
invalid site ID (was: 50058), continuing
processing tour ID: "H3_2"...DONE
processing tour ID: "H4_3"...
processing tour ID: "H4_3"...DONE
processing tour ID: "H5_4"...
processing tour ID: "H5_4"...DONE
processing tour ID: "H6_0"...
processing tour ID: "H6_0"...DONE
processing tour ID: "H8_2"...
invalid site ID (was: 22529), continuing
processing tour ID: "H8_2"...DONE
processing tour ID: "H9_3"...
processing tour ID: "H9_3"...DONE
processing tour ID: "H_1"...
processing tour ID: "H_1"...DONE
processing tour ID: "H_2"...
invalid site ID (was: 50058), continuing
invalid site ID (was: 22529), continuing
processing tour ID: "H_2"...DONE
processing tour ID: "H_4"...
processing tour ID: "H_4"...DONE
processing tour ID: "Ju_5"...
processing tour ID: "Ju_5"...DONE
processing tour ID: "f_5"...
processing tour ID: "f_5"...DONE
retrieving warehouse coordinates...
retrieving warehouse coordinates...DONE
processing tour ID: "B_5"...
processing tour ID: "B_5"...DONE
processing tour ID: "H1_0"...
processing tour ID: "H1_0"...DONE
processing tour ID: "H2_1"...
processing tour ID: "H2_1"...DONE
processing tour ID: "H3_2"...
invalid site ID (was: 50058), continuing
processing tour ID: "H3_2"...DONE
processing tour ID: "H4_3"...
processing tour ID: "H4_3"...DONE
processing tour ID: "H5_4"...
processing tour ID: "H5_4"...DONE
processing tour ID: "H6_0"...
processing tour ID: "H6_0"...DONE
processing tour ID: "H8_2"...
invalid site ID (was: 22529), continuing
processing tour ID: "H8_2"...DONE
processing tour ID: "H9_3"...
processing tour ID: "H9_3"...DONE
processing tour ID: "H_1"...
processing tour ID: "H_1"...DONE
processing tour ID: "H_2"...
invalid site ID (was: 50058), continuing
invalid site ID (was: 22529), continuing
processing tour ID: "H_2"...DONE
processing tour ID: "H_4"...
processing tour ID: "H_4"...DONE
processing tour ID: "Ju_5"...
processing tour ID: "Ju_5"...DONE
processing tour ID: "f_5"...
processing tour ID: "f_5"...DONE
retrieving warehouse coordinates...
retrieving warehouse coordinates...DONE
processing tour ID: "H1_0"...
processing tour ID: "H1_0"...DONE
processing tour ID: "H2_1"...
processing tour ID: "H2_1"...DONE
processing tour ID: "H3_2"...
processing tour ID: "H3_2"...DONE
processing tour ID: "H4_3"...
processing tour ID: "H4_3"...DONE
processing tour ID: "H5_4"...
processing tour ID: "H5_4"...DONE
processing tour ID: "H_2"...
processing tour ID: "H_2"...DONE
processing tour ID: "H_3"...
processing tour ID: "H_3"...DONE
processing tour ID: "H_4"...
processing tour ID: "H_4"...DONE
processing tour ID: "Ju_5"...
processing tour ID: "Ju_5"...DONE
retrieving warehouse coordinates...
retrieving warehouse coordinates...DONE
processing tour ID: "H1_0"...
processing tour ID: "H1_0"...DONE
processing tour ID: "H2_1"...
processing tour ID: "H2_1"...DONE
processing tour ID: "H3_2"...
processing tour ID: "H3_2"...DONE
processing tour ID: "H4_3"...
processing tour ID: "H4_3"...DONE
processing tour ID: "H5_4"...
processing tour ID: "H5_4"...DONE
processing tour ID: "H_2"...
processing tour ID: "H_2"...DONE
processing tour ID: "H_3"...
processing tour ID: "H_3"...DONE
processing tour ID: "H_4"...
processing tour ID: "H_4"...DONE
processing tour ID: "Ju_5"...
processing tour ID: "Ju_5"...DONE
retrieving warehouse coordinates...
retrieving warehouse coordinates...DONE
processing tour ID: "H1_0"...
processing tour ID: "H1_0"...DONE
processing tour ID: "H2_1"...
processing tour ID: "H2_1"...DONE
processing tour ID: "H3_2"...
processing tour ID: "H3_2"...DONE
processing tour ID: "H4_3"...
processing tour ID: "H4_3"...DONE
processing tour ID: "H5_4"...
processing tour ID: "H5_4"...DONE
processing tour ID: "H6_0"...
processing tour ID: "H6_0"...DONE
processing tour ID: "H7_1"...
processing tour ID: "H7_1"...DONE
processing tour ID: "H8_2"...
processing tour ID: "H8_2"...DONE
processing tour ID: "H9_3"...
processing tour ID: "H9_3"...DONE
processing tour ID: "H_4"...
processing tour ID: "H_4"...DONE
processing tour ID: "Ju_5"...
processing tour ID: "Ju_5"...DONE
retrieving warehouse coordinates...
retrieving warehouse coordinates...DONE
processing tour ID: "H1_0"...
processing tour ID: "H1_0"...DONE
processing tour ID: "H2_1"...
processing tour ID: "H2_1"...DONE
processing tour ID: "H3_2"...
processing tour ID: "H3_2"...DONE
processing tour ID: "H4_3"...
processing tour ID: "H4_3"...DONE
processing tour ID: "H5_4"...
processing tour ID: "H5_4"...DONE
processing tour ID: "H6_0"...
processing tour ID: "H6_0"...DONE
processing tour ID: "H7_1"...
processing tour ID: "H7_1"...DONE
processing tour ID: "H8_2"...
processing tour ID: "H8_2"...DONE
processing tour ID: "H9_3"...
processing tour ID: "H9_3"...DONE
processing tour ID: "H_4"...
processing tour ID: "H_4"...DONE
processing tour ID: "Ju_5"...
processing tour ID: "Ju_5"...DONE
