--------------------- processing sites --------------------- 
--------------------- processing site coordinates --------------------- 
sites database: "\\Rechner1\Coffee\Coffee MH\Sites.dbf"
processed 265record(s)...
--------------------- processing site coordinates DONE--------------------- 
--------------------- processing sites (JSON) --------------------- 
opened relations db...
# relations record(s): 264
opened sites db...
# site record(s): 265
###
closed relations db...
closed sites db...
#active sites 52
processing yields...
opened weeks db...
closed weeks db...
computing site rankings...
top yielding site: 226 @3392.5
computing site rankings...DONE
processing yields...DONE
--------------------- processing sites (JSON) DONE --------------------- 
--------------------- processing known finders (JSON) --------------------- 
--------------------- processing known finders (JSON) DONE --------------------- 
--------------------- processing duplicate sites (JSON) --------------------- 
--------------------- processing duplicate sites (JSON) DONE --------------------- 
--------------------- splitting sites (JSON) --------------------- 
--------------------- splitting sites (JSON) DONE --------------------- 
--------------------- processing sites (KML) --------------------- 
processing sites (active) file: "C:\Apache24\htdocs\geo\geo\data\mh\sites_active.json"
processing sites (ex) file: "C:\Apache24\htdocs\geo\geo\data\mh\sites_ex.json"
processing sites (other) file: "C:\Apache24\htdocs\geo\geo\data\mh\sites_other.json"
processing style file: "C:\Apache24\htdocs\geo\geo\data\style.kml"
--------------------- processing sites (KML) DONE --------------------- 
--------------------- processing sites DONE --------------------- 
--------------------- processing toursets --------------------- 
--------------------- processing tourset IDs (JSON) --------------------- 
--------------------- processing tourset IDs (JSON) DONE --------------------- 
--------------------- processing toursets (JSON) --------------------- 
processing tourset db file : "\\Rechner1\Coffee\Coffee MH\toursets.dbf"
processing tourset ids file: "C:\Apache24\htdocs\geo\geo\data\mh\tourset_ids.json"
# working days / week: 6
opened db...
processing tourset: "2006Q2"
inserting tour descriptor "m" (found in column: 1), SID: 1163: "m25a ")
inserting tour descriptor "m" (found in column: 2), SID: 1163: "m84  ")
extracting tour: "m_1"
extracting tour "m_1"...DONE
extracting tour: "m_2"
extracting tour "m_2"...DONE
processing tourset: "NEW"
inserting tour descriptor "m" (found in column: 0), SID: 1163: "m23  ")
extracting tour: "m_0"
extracting tour "m_0"...DONE
closed db...
--------------------- processing toursets (JSON) DONE --------------------- 
--------------------- processing toursets (KML) --------------------- 
processing location (JSON) file: "C:\Apache24\htdocs\geo\geo\data\warehouse_locations.json"
processing sites db file: "\\Rechner1\Coffee\Coffee MH\Sites.dbf"
processing style (KML) file: "C:\Apache24\htdocs\geo\geo\data\style.kml"
processing toursets (JSON) file: "C:\Apache24\htdocs\geo\geo\data\mh\toursets.json"
retrieving warehouse coordinates...
retrieving warehouse coordinates...DONE
retrieving directions ["2006Q2","m_1":#23]...
retrieving directions ["2006Q2","m_1":#23]...DONE
retrieving directions ["2006Q2","m_2":#28]...
retrieving directions ["2006Q2","m_2":#28]...DONE
retrieving directions ["NEW","m_0":#30]...
retrieving directions ["NEW","m_0":#30]...DONE
writing KML...
writing KML ["2006Q2","m_1"]...
writing KML ["2006Q2","m_1"]...DONE
writing KML ["2006Q2","m_2"]...
writing KML ["2006Q2","m_2"]...DONE
writing KML ["NEW","m_0"]...
writing KML ["NEW","m_0"]...DONE
writing KML...DONE
--------------------- processing toursets (KML) DONE --------------------- 
--------------------- processing tourset "2006Q2" (TXT) --------------------- 
skipping tourset "NEW"
--------------------- processing tourset "2006Q2" (TXT) DONE --------------------- 
--------------------- processing tourset "NEW" (TXT) --------------------- 
skipping tourset "2006Q2"
--------------------- processing tourset "NEW" (TXT) DONE --------------------- 
--------------------- processing toursets DONE --------------------- 
--------------------- processing images --------------------- 
--------------------- processing images (JSON) --------------------- 
--------------------- processing images (JSON) DONE --------------------- 
--------------------- splitting images (JSON) --------------------- 
--------------------- splitting images (JSON) DONE --------------------- 
--------------------- processing images (KML) --------------------- 
--------------------- processing images (KML) DONE --------------------- 
--------------------- processing images DONE --------------------- 
--------------------- merging "mh" KML --------------------- 
--------------------- merging "mh" KML DONE --------------------- 
--------------------- generating toursheets --------------------- 
toursheet template: C:\Apache24\htdocs\geo\geo\data\toursheet_template_de.ots
sites database: \\Rechner1\Coffee\Coffee MH\Sites.dbf
weeks database: \\Rechner1\Coffee\Coffee MH\Weeks.dbf
toursets file (JSON): C:\Apache24\htdocs\geo\geo\data\mh\toursets.json
processing tourset: "New"...
processing tourset: "New"...DONE
--------------------- generating toursheets DONE --------------------- 
--------------------- generating devicefiles --------------------- 
#sites: 265
#toursets: 2
retrieving warehouse coordinates...
retrieving warehouse coordinates...DONE
#sites: 265
#toursets: 2
retrieving warehouse coordinates...
retrieving warehouse coordinates...DONE
--------------------- generating devicefiles DONE --------------------- 
