--------------------- processing sites --------------------- 
--------------------- processing site coordinates --------------------- 
sites database: "\\Rechner1\Coffee\Coffee KS\Sites.dbf"
processed 5098record(s)...
--------------------- processing site coordinates DONE--------------------- 
--------------------- processing sites (JSON) --------------------- 
opened relations db...
# relations record(s): 3855
opened sites db...
# site record(s): 5098
#
closed relations db...
closed sites db...
#active sites 0
processing yields...
opened weeks db...
closed weeks db...
computing site rankings...
computing site rankings...DONE
processing yields...DONE
--------------------- processing sites (JSON) DONE --------------------- 
--------------------- processing known finders (JSON) --------------------- 
--------------------- processing known finders (JSON) DONE --------------------- 
--------------------- processing duplicate sites (JSON) --------------------- 
--------------------- processing duplicate sites (JSON) DONE --------------------- 
--------------------- splitting sites (JSON) --------------------- 
--------------------- splitting sites (JSON) DONE --------------------- 
--------------------- processing sites (KML) --------------------- 
processing sites (active) file: "C:\Apache24\htdocs\geo\geo\data\ks\sites_active.json"
processing sites (ex) file: "C:\Apache24\htdocs\geo\geo\data\ks\sites_ex.json"
processing sites (other) file: "C:\Apache24\htdocs\geo\geo\data\ks\sites_other.json"
processing style file: "C:\Apache24\htdocs\geo\geo\data\style.kml"
--------------------- processing sites (KML) DONE --------------------- 
--------------------- processing sites DONE --------------------- 
--------------------- processing toursets --------------------- 
--------------------- processing tourset IDs (JSON) --------------------- 
--------------------- processing tourset IDs (JSON) DONE --------------------- 
--------------------- processing toursets (JSON) --------------------- 
processing tourset db file : "\\Rechner1\Coffee\Coffee KS\toursets.dbf"
processing tourset ids file: "C:\Apache24\htdocs\geo\geo\data\ks\tourset_ids.json"
# working days / week: 6
opened db...
processing tourset: "Standard"
inserting tour descriptor "a" (found in column: 0), SID: 50001: "a000 ")
inserting tour descriptor "g" (found in column: 0), SID: 50099: "g048 ")
inserting tour descriptor "m" (found in column: 0), SID: 50538: "m000 ")
inserting tour descriptor "b" (found in column: 1), SID: 50007: "b060 ")
inserting tour descriptor "h" (found in column: 1), SID: 50100: "h087 ")
inserting tour descriptor "n" (found in column: 1), SID: 50582: "n000 ")
inserting tour descriptor "c" (found in column: 2), SID: 50064: "c099 ")
inserting tour descriptor "i" (found in column: 2), SID: 50274: "i033 ")
inserting tour descriptor "d" (found in column: 3), SID: 50078: "d039 ")
inserting tour descriptor "j" (found in column: 3), SID: 50475: "j000 ")
inserting tour descriptor "k" (found in column: 4), SID: 50051: "k033 ")
inserting tour descriptor "e" (found in column: 4), SID: 50124: "e054 ")
inserting tour descriptor "l" (found in column: 5), SID: 50020: "l075 ")
inserting tour descriptor "f" (found in column: 5), SID: 50144: "f021 ")
extracting tour: "a_0"
extracting tour "a_0"...DONE
extracting tour: "b_1"
extracting tour "b_1"...DONE
extracting tour: "c_2"
extracting tour "c_2"...DONE
extracting tour: "d_3"
extracting tour "d_3"...DONE
extracting tour: "e_4"
extracting tour "e_4"...DONE
extracting tour: "f_5"
extracting tour "f_5"...DONE
extracting tour: "g_0"
extracting tour "g_0"...DONE
extracting tour: "h_1"
extracting tour "h_1"...DONE
extracting tour: "i_2"
extracting tour "i_2"...DONE
extracting tour: "j_3"
extracting tour "j_3"...DONE
extracting tour: "k_4"
extracting tour "k_4"...DONE
extracting tour: "l_5"
extracting tour "l_5"...DONE
extracting tour: "m_0"
extracting tour "m_0"...DONE
extracting tour: "n_1"
extracting tour "n_1"...DONE
closed db...
--------------------- processing toursets (JSON) DONE --------------------- 
--------------------- processing toursets (KML) --------------------- 
processing location (JSON) file: "C:\Apache24\htdocs\geo\geo\data\warehouse_locations.json"
processing sites db file: "\\Rechner1\Coffee\Coffee KS\Sites.dbf"
processing style (KML) file: "C:\Apache24\htdocs\geo\geo\data\style.kml"
processing toursets (JSON) file: "C:\Apache24\htdocs\geo\geo\data\ks\toursets.json"
retrieving warehouse coordinates...
retrieving warehouse coordinates...DONE
retrieving directions ["Standard","a_0":#32]...
retrieving directions ["Standard","b_1":#32]...
retrieving directions ["Standard","c_2":#34]...
retrieving directions ["Standard","d_3":#47]...
retrieving directions ["Standard","e_4":#73]...
retrieving directions ["Standard","f_5":#33]...
retrieving directions ["Standard","g_0":#35]...
retrieving directions ["Standard","h_1":#32]...
retrieving directions ["Standard","i_2":#32]...
retrieving directions ["Standard","j_3":#23]...
retrieving directions ["Standard","k_4":#28]...
retrieving directions ["Standard","l_5":#28]...
retrieving directions ["Standard","m_0":#44]...
retrieving directions ["Standard","n_1":#46]...
writing KML...
writing KML ["Standard","a_0"]...
writing KML ["Standard","a_0"]...DONE
writing KML ["Standard","b_1"]...
writing KML ["Standard","b_1"]...DONE
writing KML ["Standard","c_2"]...
writing KML ["Standard","c_2"]...DONE
writing KML ["Standard","d_3"]...
writing KML ["Standard","d_3"]...DONE
writing KML ["Standard","e_4"]...
writing KML ["Standard","e_4"]...DONE
writing KML ["Standard","f_5"]...
writing KML ["Standard","f_5"]...DONE
writing KML ["Standard","g_0"]...
writing KML ["Standard","g_0"]...DONE
writing KML ["Standard","h_1"]...
writing KML ["Standard","h_1"]...DONE
writing KML ["Standard","i_2"]...
writing KML ["Standard","i_2"]...DONE
writing KML ["Standard","j_3"]...
writing KML ["Standard","j_3"]...DONE
writing KML ["Standard","k_4"]...
writing KML ["Standard","k_4"]...DONE
writing KML ["Standard","l_5"]...
writing KML ["Standard","l_5"]...DONE
writing KML ["Standard","m_0"]...
writing KML ["Standard","m_0"]...DONE
writing KML ["Standard","n_1"]...
writing KML ["Standard","n_1"]...DONE
writing KML...DONE
--------------------- processing toursets (KML) DONE --------------------- 
--------------------- processing tourset "Standard" (TXT) --------------------- 
--------------------- processing tourset "Standard" (TXT) DONE --------------------- 
--------------------- processing toursets DONE --------------------- 
--------------------- processing images --------------------- 
--------------------- processing images (JSON) --------------------- 
--------------------- processing images (JSON) DONE --------------------- 
--------------------- splitting images (JSON) --------------------- 
--------------------- splitting images (JSON) DONE --------------------- 
--------------------- processing images (KML) --------------------- 
--------------------- processing images (KML) DONE --------------------- 
--------------------- processing images DONE --------------------- 
--------------------- merging "ks" KML --------------------- 
--------------------- merging "ks" KML DONE --------------------- 
--------------------- generating toursheets --------------------- 
toursheet template: C:\Apache24\htdocs\geo\geo\data\toursheet_template_de.ots
sites database: \\Rechner1\Coffee\Coffee KS\Sites.dbf
weeks database: \\Rechner1\Coffee\Coffee KS\weeks.dbf
toursets file (JSON): C:\Apache24\htdocs\geo\geo\data\ks\toursets.json
processing tourset: "New"...
processing tourset: "New"...DONE
toursheet template: C:\Apache24\htdocs\geo\geo\data\toursheet_template_de.ots
sites database: \\Rechner1\Coffee\Coffee KS\Sites.dbf
weeks database: \\Rechner1\Coffee\Coffee KS\weeks.dbf
toursets file (JSON): C:\Apache24\htdocs\geo\geo\data\ks\toursets.json
processing tourset: "Standard"...
processing tour: "a_0"...
failed to retrieve site data (SID was: "50001"), aborting
--------------------- generating toursheets DONE --------------------- 
--------------------- generating devicefiles --------------------- 
#sites: 0
#toursets: 1
retrieving warehouse coordinates...
retrieving warehouse coordinates...DONE
#sites: 0
#toursets: 1
retrieving warehouse coordinates...
retrieving warehouse coordinates...DONE
#sites: 0
#toursets: 1
retrieving warehouse coordinates...
retrieving warehouse coordinates...DONE
processing tour ID: "a_0"...
processing tour ID: "a_0"...DONE
processing tour ID: "b_1"...
processing tour ID: "b_1"...DONE
processing tour ID: "c_2"...
processing tour ID: "c_2"...DONE
processing tour ID: "d_3"...
processing tour ID: "d_3"...DONE
processing tour ID: "e_4"...
processing tour ID: "e_4"...DONE
processing tour ID: "f_5"...
processing tour ID: "f_5"...DONE
processing tour ID: "g_0"...
processing tour ID: "g_0"...DONE
processing tour ID: "h_1"...
processing tour ID: "h_1"...DONE
processing tour ID: "i_2"...
processing tour ID: "i_2"...DONE
processing tour ID: "j_3"...
processing tour ID: "j_3"...DONE
processing tour ID: "k_4"...
processing tour ID: "k_4"...DONE
processing tour ID: "l_5"...
processing tour ID: "l_5"...DONE
processing tour ID: "m_0"...
processing tour ID: "m_0"...DONE
processing tour ID: "n_1"...
processing tour ID: "n_1"...DONE
#sites: 0
#toursets: 1
retrieving warehouse coordinates...
retrieving warehouse coordinates...DONE
processing tour ID: "a_0"...
processing tour ID: "a_0"...DONE
processing tour ID: "b_1"...
processing tour ID: "b_1"...DONE
processing tour ID: "c_2"...
processing tour ID: "c_2"...DONE
processing tour ID: "d_3"...
processing tour ID: "d_3"...DONE
processing tour ID: "e_4"...
processing tour ID: "e_4"...DONE
processing tour ID: "f_5"...
processing tour ID: "f_5"...DONE
processing tour ID: "g_0"...
processing tour ID: "g_0"...DONE
processing tour ID: "h_1"...
processing tour ID: "h_1"...DONE
processing tour ID: "i_2"...
processing tour ID: "i_2"...DONE
processing tour ID: "j_3"...
processing tour ID: "j_3"...DONE
processing tour ID: "k_4"...
processing tour ID: "k_4"...DONE
processing tour ID: "l_5"...
processing tour ID: "l_5"...DONE
processing tour ID: "m_0"...
processing tour ID: "m_0"...DONE
processing tour ID: "n_1"...
processing tour ID: "n_1"...DONE
--------------------- generating devicefiles DONE --------------------- 
